2024-03-19T13:19:37+00:00 DEBUG POST: https://business-api.tiktok.com/tbp/v2.0/business_profile/disconnect?external_data=

{"business_platform":"WOO_COMMERCE","external_business_id":"tt4b_woocommerce_65f050e81aa37"}
 ajax: no
2024-03-19T13:19:38+00:00 DEBUG Tt4b_Mapi_Class::tbp_post: Response: 

HTTP/1.1 200 OK
Content-Type: application/json; charset=utf-8
Content-Length: 95
X-Api-Deprecation-Info: API for Business Version 1.3 is now live. To avoid disruption to your business, we recommend you migrate all calls to v1.3 as soon as possible. Please visit our migration guide for more details: https://ads.tiktok.com/marketing_api/docs?id=1740029169927169
X-Domain-Change-Info: We have moved to the new domain business-api.tiktok.com for API services after the Platform Upgrade on 09/30/2021. Please update all of your requests with the new domain if you haven't done so already. For more information, please visit https://ads.tiktok.com/marketing_api/docs?rid=esb88xalm6m&id=1709207085043713
X-Tt-Logid: 202403191319408031BFF50C8C6575A094
x-tt-trace-host: 01f523c14c544ac4ceb0b7b3347cb73555a465aef1916d71488b87af4d69bc45a54c706d6131e7da23131025684233706a4f9a90b578cbb234d4f23edbfdbc9c986278052747eccc276dbe412bf263c390a9964cad4899db39897758e4bb0d890d07f0fc3c4ee5034f6e51775078e1607c
x-tt-trace-id: 00-2403191319408031BFF50C8C6575A094-7EA5435972995861-00
Server: TLB
X-Origin-Response-Time: 19,23.211.140.117
X-Akamai-Request-ID: e82e048.4e92a49
Expires: Tue, 19 Mar 2024 13:19:41 GMT
Cache-Control: max-age=0, no-cache, no-store
Pragma: no-cache
Date: Tue, 19 Mar 2024 13:19:41 GMT
X-Cache: TCP_MISS from a2-23-154-132.deploy.akamaitechnologies.com (AkamaiGHost/11.4.3-54729273) (-)
Connection: close
X-Cache-Remote: TCP_MISS from a23-211-140-117.deploy.akamaitechnologies.com (AkamaiGHost/11.4.3-54729273) (-)
x-tt-trace-tag: id=16;cdn-cache=miss;type=dyn
Server-Timing: cdn-cache; desc=MISS, edge; dur=163, origin; dur=19
Server-Timing: inner; dur=13
X-Parent-Response-Time: 181,2.23.154.132

{"code":40001,"message":"Permission denied.","request_id":"202403191319408031BFF50C8C6575A094"}

2024-03-19T13:19:38+00:00 DEBUG POST: https://business-api.tiktok.com/tbp/v2.0/shop/connection/disconnect?external_data=

--- EMPTY STRING ---
 ajax: no
2024-03-19T13:19:39+00:00 DEBUG Tt4b_Mapi_Class::tts_shop_disconnect: Response: 

HTTP/1.1 200 OK
Content-Type: application/json; charset=utf-8
Content-Length: 95
X-Api-Deprecation-Info: API for Business Version 1.3 is now live. To avoid disruption to your business, we recommend you migrate all calls to v1.3 as soon as possible. Please visit our migration guide for more details: https://ads.tiktok.com/marketing_api/docs?id=1740029169927169
X-Domain-Change-Info: We have moved to the new domain business-api.tiktok.com for API services after the Platform Upgrade on 09/30/2021. Please update all of your requests with the new domain if you haven't done so already. For more information, please visit https://ads.tiktok.com/marketing_api/docs?rid=esb88xalm6m&id=1709207085043713
X-Tt-Logid: 202403191319416E91EC50929DB977411A
x-tt-trace-host: 01f523c14c544ac4ceb0b7b3347cb73555a465aef1916d71488b87af4d69bc45a576d4ced2d402a8701b38fcb62d6bb795262c2fb8f5a78232c74d273329a5faadb6fc8c29ee38943dedc3719638dc78b308fd867e5f89d62a89c1b407b06b5cf4fef62f8f9b492ebfb9c67efca1e2a91f
x-tt-trace-id: 00-2403191319416E91EC50929DB977411A-4AAE17CB7AB1B4F0-00
Server: TLB
X-Origin-Response-Time: 15,23.211.140.157
X-Akamai-Request-ID: 41fb084c.4e94a14
Expires: Tue, 19 Mar 2024 13:19:42 GMT
Cache-Control: max-age=0, no-cache, no-store
Pragma: no-cache
Date: Tue, 19 Mar 2024 13:19:42 GMT
X-Cache: TCP_MISS from a2-23-154-132.deploy.akamaitechnologies.com (AkamaiGHost/11.4.3-54729273) (-)
Connection: close
X-Cache-Remote: TCP_MISS from a23-211-140-157.deploy.akamaitechnologies.com (AkamaiGHost/11.4.3-54729273) (-)
x-tt-trace-tag: id=16;cdn-cache=miss;type=dyn
Server-Timing: cdn-cache; desc=MISS, edge; dur=164, origin; dur=14
Server-Timing: inner; dur=10
X-Parent-Response-Time: 177,2.23.154.132

{"code":40001,"message":"Permission denied.","request_id":"202403191319416E91EC50929DB977411A"}

